<?xml version="1.0" encoding="UTF-8"?>
<!-- Generated by org.testng.reporters.JUnitReportReporter -->
<testsuite hostname="Girish-Chavan" name="SmokeTests.ATest" tests="1" failures="0" timestamp="10 Jul 2016 01:03:00 GMT" time="0.009" errors="0">
  <testcase name="testAllLinks" time="0.009" classname="SmokeTests.ATest"/>
</testsuite> <!-- SmokeTests.ATest -->
