<?xml version="1.0" encoding="UTF-8"?>
<!-- Generated by org.testng.reporters.JUnitReportReporter -->
<testsuite hostname="Girish-Chavan" name="SmokeTests.Test1" tests="1" failures="0" timestamp="25 Jun 2016 20:59:48 GMT" time="2.532" errors="0">
  <testcase name="testAllLinks" time="2.532" classname="SmokeTests.Test1"/>
</testsuite> <!-- SmokeTests.Test1 -->
