<?xml version="1.0" encoding="UTF-8"?>
<!-- Generated by org.testng.reporters.JUnitReportReporter -->
<testsuite hostname="Girish-Chavan" name="SmokeTests.ATest" tests="1" failures="0" timestamp="12 Jul 2016 21:48:58 GMT" time="0.037" errors="0">
  <testcase name="testAllLinks" time="0.037" classname="SmokeTests.ATest"/>
</testsuite> <!-- SmokeTests.ATest -->
